<?xml version="1.0" encoding="UTF-8"?>
<testsuite xmlns:xsi="http://www.w3.org/2001/XMLSchema-instance" xsi:noNamespaceSchemaLocation="https://maven.apache.org/surefire/maven-surefire-plugin/xsd/surefire-test-report.xsd" version="3.0.2" name="com.example.personal.bank.ApplicationTests" time="7.297" tests="1" errors="0" skipped="0" failures="0">
  <properties>
[...]
</properties>
  <testcase name="contextLoads" classname="com.example.personal.bank.ApplicationTests" time="0.492">
    <system-out><![CDATA[16:15:01.404 [main] INFO org.springframework.test.context.support.AnnotationConfigContextLoaderUtils -- Could not detect default configuration classes for test class [com.example.personal.bank.ApplicationTests]: ApplicationTests does not declare any static, non-private, non-final, nested classes annotated with @Configuration.
16:15:01.515 [main] INFO org.springframework.boot.test.context.SpringBootTestContextBootstrapper -- Found @SpringBootConfiguration com.example.personal.bank.Application for test class com.example.personal.bank.ApplicationTests

  .   ____          _            __ _ _
 /\\ / ___'_ __ _ _(_)_ __  __ _ \ \ \ \
( ( )\___ | '_ | '_| | '_ \/ _` | \ \ \ \
 \\/  ___)| |_)| | | | | || (_| |  ) ) ) )
  '  |____| .__|_| |_|_| |_\__, | / / / /
 =========|_|==============|___/=/_/_/_/

 :: Spring Boot ::                (v3.5.3)

2025-07-03T16:15:01.904+03:00  INFO 98064 --- [personal.bank] [           main] c.e.personal.bank.ApplicationTests       : Starting ApplicationTests using Java 21.0.2 with PID 98064 (started by andreypominov in /Users/andreypominov/Documents/GitHub/personal.bank)
2025-07-03T16:15:01.905+03:00  INFO 98064 --- [personal.bank] [           main] c.e.personal.bank.ApplicationTests       : No active profile set, falling back to 1 default profile: "default"
2025-07-03T16:15:02.621+03:00  INFO 98064 --- [personal.bank] [           main] .s.d.r.c.RepositoryConfigurationDelegate : Multiple Spring Data modules found, entering strict repository configuration mode
2025-07-03T16:15:02.622+03:00  INFO 98064 --- [personal.bank] [           main] .s.d.r.c.RepositoryConfigurationDelegate : Bootstrapping Spring Data JPA repositories in DEFAULT mode.
2025-07-03T16:15:02.636+03:00  INFO 98064 --- [personal.bank] [           main] .s.d.r.c.RepositoryConfigurationDelegate : Finished Spring Data repository scanning in 7 ms. Found 0 JPA repository interfaces.
2025-07-03T16:15:02.650+03:00  INFO 98064 --- [personal.bank] [           main] .s.d.r.c.RepositoryConfigurationDelegate : Multiple Spring Data modules found, entering strict repository configuration mode
2025-07-03T16:15:02.651+03:00  INFO 98064 --- [personal.bank] [           main] .s.d.r.c.RepositoryConfigurationDelegate : Bootstrapping Spring Data Redis repositories in DEFAULT mode.
2025-07-03T16:15:02.662+03:00  INFO 98064 --- [personal.bank] [           main] .s.d.r.c.RepositoryConfigurationDelegate : Finished Spring Data repository scanning in 1 ms. Found 0 Redis repository interfaces.
2025-07-03T16:15:02.973+03:00  INFO 98064 --- [personal.bank] [           main] org.testcontainers.images.PullPolicy     : Image pull policy will be performed by: DefaultPullPolicy()
2025-07-03T16:15:02.975+03:00  INFO 98064 --- [personal.bank] [           main] o.t.utility.ImageNameSubstitutor         : Image name substitution will be performed by: DefaultImageNameSubstitutor (composite of 'ConfigurationFileImageNameSubstitutor' and 'PrefixingImageNameSubstitutor')
2025-07-03T16:15:03.000+03:00  INFO 98064 --- [personal.bank] [           main] org.testcontainers.DockerClientFactory   : Testcontainers version: 1.21.2
2025-07-03T16:15:03.348+03:00  INFO 98064 --- [personal.bank] [           main] o.t.d.DockerClientProviderStrategy       : Found Docker environment with Docker accessed via Unix socket (/Users/andreypominov/.docker/run/docker.sock)
2025-07-03T16:15:03.349+03:00  INFO 98064 --- [personal.bank] [           main] org.testcontainers.DockerClientFactory   : Docker host IP address is localhost
2025-07-03T16:15:03.374+03:00  INFO 98064 --- [personal.bank] [           main] org.testcontainers.DockerClientFactory   : Connected to docker: 
  Server Version: 20.10.20
  API Version: 1.41
  Operating System: Docker Desktop
  Total Memory: 2991 MB
2025-07-03T16:15:03.395+03:00  INFO 98064 --- [personal.bank] [           main] tc.testcontainers/ryuk:0.12.0            : Creating container for image: testcontainers/ryuk:0.12.0
2025-07-03T16:15:03.530+03:00  INFO 98064 --- [personal.bank] [           main] o.t.utility.RegistryAuthLocator          : Credential helper/store (docker-credential-desktop) does not have credentials for https://index.docker.io/v1/
2025-07-03T16:15:03.621+03:00  INFO 98064 --- [personal.bank] [           main] tc.testcontainers/ryuk:0.12.0            : Container testcontainers/ryuk:0.12.0 is starting: 82ce22bfa75148c331a8f4b0d2224682c25df6d21cbe138ae1f6c82f1e5a2650
2025-07-03T16:15:04.073+03:00  INFO 98064 --- [personal.bank] [           main] tc.testcontainers/ryuk:0.12.0            : Container testcontainers/ryuk:0.12.0 started in PT0.67804S
2025-07-03T16:15:04.080+03:00  INFO 98064 --- [personal.bank] [           main] o.t.utility.RyukResourceReaper           : Ryuk started - will monitor and terminate Testcontainers containers on JVM exit
2025-07-03T16:15:04.080+03:00  INFO 98064 --- [personal.bank] [           main] org.testcontainers.DockerClientFactory   : Checking the system...
2025-07-03T16:15:04.080+03:00  INFO 98064 --- [personal.bank] [           main] org.testcontainers.DockerClientFactory   : ✔︎ Docker server version should be at least 1.6.0
2025-07-03T16:15:04.081+03:00  INFO 98064 --- [personal.bank] [           main] tc.redis:latest                          : Creating container for image: redis:latest
2025-07-03T16:15:04.114+03:00  INFO 98064 --- [personal.bank] [           main] tc.redis:latest                          : Container redis:latest is starting: 70b1f0ee6e182450113e82337ed023ab347d1351d96eb72a937bd4adc87f82a7
2025-07-03T16:15:04.601+03:00  INFO 98064 --- [personal.bank] [           main] tc.redis:latest                          : Container redis:latest started in PT0.520357S
2025-07-03T16:15:04.602+03:00  INFO 98064 --- [personal.bank] [           main] tc.postgres:latest                       : Creating container for image: postgres:latest
2025-07-03T16:15:04.631+03:00  INFO 98064 --- [personal.bank] [           main] tc.postgres:latest                       : Container postgres:latest is starting: 23b810e5e098604a903f0800c3ce14f787316eb573e4d8ddd3631c076ca09402
2025-07-03T16:15:06.215+03:00  INFO 98064 --- [personal.bank] [           main] tc.postgres:latest                       : Container postgres:latest started in PT1.613032S
2025-07-03T16:15:06.216+03:00  INFO 98064 --- [personal.bank] [           main] tc.postgres:latest                       : Container is started (JDBC URL: jdbc:postgresql://localhost:60024/test?loggerLevel=OFF)
2025-07-03T16:15:06.389+03:00  INFO 98064 --- [personal.bank] [           main] o.hibernate.jpa.internal.util.LogHelper  : HHH000204: Processing PersistenceUnitInfo [name: default]
2025-07-03T16:15:06.436+03:00  INFO 98064 --- [personal.bank] [           main] org.hibernate.Version                    : HHH000412: Hibernate ORM core version 6.6.18.Final
2025-07-03T16:15:06.461+03:00  INFO 98064 --- [personal.bank] [           main] o.h.c.internal.RegionFactoryInitiator    : HHH000026: Second-level cache disabled
2025-07-03T16:15:06.696+03:00  INFO 98064 --- [personal.bank] [           main] o.s.o.j.p.SpringPersistenceUnitInfo      : No LoadTimeWeaver setup: ignoring JPA class transformer
2025-07-03T16:15:06.742+03:00  INFO 98064 --- [personal.bank] [           main] com.zaxxer.hikari.HikariDataSource       : HikariPool-1 - Starting...
2025-07-03T16:15:06.902+03:00  INFO 98064 --- [personal.bank] [           main] com.zaxxer.hikari.pool.HikariPool        : HikariPool-1 - Added connection org.postgresql.jdbc.PgConnection@3703a400
2025-07-03T16:15:06.903+03:00  INFO 98064 --- [personal.bank] [           main] com.zaxxer.hikari.HikariDataSource       : HikariPool-1 - Start completed.
2025-07-03T16:15:06.963+03:00  INFO 98064 --- [personal.bank] [           main] org.hibernate.orm.connections.pooling    : HHH10001005: Database info:
	Database JDBC URL [Connecting through datasource 'HikariDataSource (HikariPool-1)']
	Database driver: undefined/unknown
	Database version: 17.4
	Autocommit mode: undefined/unknown
	Isolation level: undefined/unknown
	Minimum pool size: undefined/unknown
	Maximum pool size: undefined/unknown
2025-07-03T16:15:07.191+03:00  INFO 98064 --- [personal.bank] [           main] o.h.e.t.j.p.i.JtaPlatformInitiator       : HHH000489: No JTA platform available (set 'hibernate.transaction.jta.platform' to enable JTA platform integration)
2025-07-03T16:15:07.194+03:00  INFO 98064 --- [personal.bank] [           main] j.LocalContainerEntityManagerFactoryBean : Initialized JPA EntityManagerFactory for persistence unit 'default'
2025-07-03T16:15:07.304+03:00  WARN 98064 --- [personal.bank] [           main] JpaBaseConfiguration$JpaWebConfiguration : spring.jpa.open-in-view is enabled by default. Therefore, database queries may be performed during view rendering. Explicitly configure spring.jpa.open-in-view to disable this warning
2025-07-03T16:15:07.936+03:00  WARN 98064 --- [personal.bank] [           main] .s.s.UserDetailsServiceAutoConfiguration : 

Using generated security password: 47c27a10-7038-4814-b603-e62fd9a964ea

This generated password is for development use only. Your security configuration must be updated before running your application in production.

2025-07-03T16:15:07.941+03:00  INFO 98064 --- [personal.bank] [           main] r$InitializeUserDetailsManagerConfigurer : Global AuthenticationManager configured with UserDetailsService bean with name inMemoryUserDetailsManager
2025-07-03T16:15:08.040+03:00  INFO 98064 --- [personal.bank] [           main] c.e.personal.bank.ApplicationTests       : Started ApplicationTests in 6.402 seconds (process running for 7.245)
]]></system-out>
    <system-err><![CDATA[Mockito is currently self-attaching to enable the inline-mock-maker. This will no longer work in future releases of the JDK. Please add Mockito as an agent to your build as described in Mockito's documentation: https://javadoc.io/doc/org.mockito/mockito-core/latest/org.mockito/org/mockito/Mockito.html#0.3
WARNING: A Java agent has been loaded dynamically (/Users/andreypominov/.m2/repository/net/bytebuddy/byte-buddy-agent/1.17.6/byte-buddy-agent-1.17.6.jar)
WARNING: If a serviceability tool is in use, please run with -XX:+EnableDynamicAgentLoading to hide this warning
WARNING: If a serviceability tool is not in use, please run with -Djdk.instrument.traceUsage for more information
WARNING: Dynamic loading of agents will be disallowed by default in a future release
]]></system-err>
  </testcase>
</testsuite>